<?xml version="1.0" encoding="UTF-8"?>
<!-- Generated by org.testng.reporters.JUnitXMLReporter -->
<testsuite hostname="DESKTOP-3J7R858" ignored="0" name="Default test" tests="3" failures="0" timestamp="2023-03-03T14:59:05 IST" time="18.364" errors="0">
  <testcase name="test1" time="4.739" classname="com.automaitontalks.TestCase1"/>
  <testcase name="test2" time="3.441" classname="com.automaitontalks.TestCase1"/>
  <testcase name="test3" time="3.332" classname="com.automaitontalks.TestCase1"/>
</testsuite> <!-- Default test -->
