<?xml version="1.0" encoding="UTF-8"?>
<!-- Generated by org.testng.reporters.JUnitXMLReporter -->
<testsuite hostname="DESKTOP-3J7R858" ignored="0" name="Test" tests="3" failures="0" timestamp="2023-03-03T16:18:36 IST" time="34.812" errors="0">
  <testcase name="test1" time="11.132" classname="com.automaitontalks.TestCase1"/>
  <testcase name="test2" time="4.0" classname="com.automaitontalks.TestCase1"/>
  <testcase name="test3" time="4.002" classname="com.automaitontalks.TestCase1"/>
</testsuite> <!-- Test -->
